2024-11-19 05:31:31.555 [info] Extension host with pid 15142 started
2024-11-19 05:31:31.596 [info] Lock '/root/.vscode-server/data/User/workspaceStorage/7357c8406dd7ab776bfe1fd154ad47e5/vscode.lock': Lock acquired.
2024-11-19 05:31:31.609 [info] ExtensionService#_doActivateExtension vscode.git-base, startup: false, activationEvent: 'onFileSystem:git', root cause: vscode.git
2024-11-19 05:31:31.610 [info] ExtensionService#_doActivateExtension vscode.emmet, startup: false, activationEvent: 'onLanguage'
2024-11-19 05:31:31.696 [info] ExtensionService#_doActivateExtension vscode.git, startup: false, activationEvent: 'onFileSystem:git'
2024-11-19 05:31:31.823 [info] ExtensionService#_doActivateExtension vscode.github, startup: true, activationEvent: '*'
2024-11-19 05:31:31.882 [info] Eager extensions activated
2024-11-19 05:31:31.883 [info] ExtensionService#_doActivateExtension vscode.debug-auto-launch, startup: false, activationEvent: 'onStartupFinished'
2024-11-19 05:31:31.883 [info] ExtensionService#_doActivateExtension vscode.merge-conflict, startup: false, activationEvent: 'onStartupFinished'
2024-11-19 05:31:32.011 [warning] [Decorations] CAPPING events from decorations provider vscode.git 1356
2024-11-19 05:31:32.190 [warning] [Decorations] CAPPING events from decorations provider vscode.git 1358
2024-11-19 05:31:34.729 [warning] [Decorations] CAPPING events from decorations provider vscode.git 1358
2024-11-19 05:31:39.759 [warning] [Decorations] CAPPING events from decorations provider vscode.git 1358
2024-11-19 05:31:44.799 [warning] [Decorations] CAPPING events from decorations provider vscode.git 1358
2024-11-19 05:31:49.847 [warning] [Decorations] CAPPING events from decorations provider vscode.git 1358
2024-11-19 05:31:54.938 [warning] [Decorations] CAPPING events from decorations provider vscode.git 1358
2024-11-19 05:31:55.640 [info] ExtensionService#_doActivateExtension vscode.npm, startup: false, activationEvent: 'onTerminalQuickFixRequest:ms-vscode.npm-command'
2024-11-19 05:32:00.946 [info] ExtensionService#_doActivateExtension vscode.configuration-editing, startup: false, activationEvent: 'onLanguage:json'
2024-11-19 05:32:00.947 [info] ExtensionService#_doActivateExtension vscode.extension-editing, startup: false, activationEvent: 'onLanguage:json'
2024-11-19 05:32:00.947 [info] ExtensionService#_doActivateExtension vscode.json-language-features, startup: false, activationEvent: 'onLanguage:json'
2024-11-19 05:32:02.793 [warning] [Decorations] CAPPING events from decorations provider vscode.git 1359
2024-11-19 05:32:14.083 [warning] [Decorations] CAPPING events from decorations provider vscode.git 1359
2024-11-19 05:32:15.968 [warning] [Decorations] CAPPING events from decorations provider vscode.git 1359
2024-11-19 05:32:19.134 [warning] [Decorations] CAPPING events from decorations provider vscode.git 1359
2024-11-19 05:32:24.239 [warning] [Decorations] CAPPING events from decorations provider vscode.git 1359
2024-11-19 05:32:30.870 [warning] [Decorations] CAPPING events from decorations provider vscode.git 1359
2024-11-19 05:32:37.387 [warning] [Decorations] CAPPING events from decorations provider vscode.git 1359
